<?xml version="1.0" encoding="UTF-8"?>
<!-- Generated by org.testng.reporters.JUnitXMLReporter -->
<testsuite hostname="LAPTOP-TI0RNES2" ignored="0" name="Test" tests="4" failures="0" timestamp="2022-11-25T15:17:46 IST" time="0.048" errors="0">
  <testcase name="tc1" time="0.016" classname="scripts.Test0"/>
  <testcase name="tc2" time="0.0" classname="scripts.Test1"/>
  <testcase name="tc3" time="0.0" classname="scripts.Test2"/>
  <testcase name="tc4" time="0.0" classname="scripts.Test3"/>
</testsuite> <!-- Test -->
