<?xml version="1.0" encoding="UTF-8"?>
<!-- Generated by org.testng.reporters.JUnitXMLReporter -->
<testsuite ignored="0" hostname="LAPTOP-TI0RNES2" failures="0" tests="4" name="Test" time="0.038" errors="0" timestamp="2022-11-10T02:07:28 IST">
  <testcase classname="scripts.Test0" name="tc1" time="0.004"/>
  <testcase classname="scripts.Test1" name="tc2" time="0.0"/>
  <testcase classname="scripts.Test2" name="tc3" time="0.0"/>
  <testcase classname="scripts.Test3" name="tc4" time="0.0"/>
</testsuite> <!-- Test -->
