<?xml version="1.0" encoding="UTF-8"?>
<testng-results ignored="0" total="4" passed="4" failed="0" skipped="0">
  <reporter-output>
    <line>
      <![CDATA[Hello java]]>
    </line>
    <line>
      <![CDATA[Hello selenium]]>
    </line>
    <line>
      <![CDATA[Hello python]]>
    </line>
    <line>
      <![CDATA[Hello pythonselenium]]>
    </line>
  </reporter-output>
  <suite started-at="2022-11-10T02:07:28 IST" name="Suite" finished-at="2022-11-10T02:07:28 IST" duration-ms="38">
    <groups>
    </groups>
    <test started-at="2022-11-10T02:07:28 IST" name="Test" finished-at="2022-11-10T02:07:28 IST" duration-ms="38">
      <class name="scripts.Test1">
        <test-method signature="tc2()[pri:0, instance:scripts.Test1@5939a379]" started-at="2022-11-10T02:07:28 IST" name="tc2" finished-at="2022-11-10T02:07:28 IST" duration-ms="0" status="PASS">
          <reporter-output>
            <line>
              <![CDATA[Hello selenium]]>
            </line>
          </reporter-output>
        </test-method> <!-- tc2 -->
      </class> <!-- scripts.Test1 -->
      <class name="scripts.Test0">
        <test-method signature="tc1()[pri:0, instance:scripts.Test0@6497b078]" started-at="2022-11-10T02:07:28 IST" name="tc1" finished-at="2022-11-10T02:07:28 IST" duration-ms="4" status="PASS">
          <reporter-output>
            <line>
              <![CDATA[Hello java]]>
            </line>
          </reporter-output>
        </test-method> <!-- tc1 -->
      </class> <!-- scripts.Test0 -->
      <class name="scripts.Test3">
        <test-method signature="tc4()[pri:0, instance:scripts.Test3@52102734]" started-at="2022-11-10T02:07:28 IST" name="tc4" finished-at="2022-11-10T02:07:28 IST" duration-ms="0" status="PASS">
          <reporter-output>
            <line>
              <![CDATA[Hello pythonselenium]]>
            </line>
          </reporter-output>
        </test-method> <!-- tc4 -->
      </class> <!-- scripts.Test3 -->
      <class name="scripts.Test2">
        <test-method signature="tc3()[pri:0, instance:scripts.Test2@e1de817]" started-at="2022-11-10T02:07:28 IST" name="tc3" finished-at="2022-11-10T02:07:28 IST" duration-ms="0" status="PASS">
          <reporter-output>
            <line>
              <![CDATA[Hello python]]>
            </line>
          </reporter-output>
        </test-method> <!-- tc3 -->
      </class> <!-- scripts.Test2 -->
    </test> <!-- Test -->
  </suite> <!-- Suite -->
</testng-results>
