<?xml version="1.0" encoding="UTF-8"?>
<testng-results skipped="0" failed="0" ignored="0" total="1" passed="1">
  <reporter-output>
  </reporter-output>
  <suite name="Default suite" duration-ms="23940" started-at="2022-11-27T16:54:35 IST" finished-at="2022-11-27T16:54:59 IST">
    <groups>
    </groups>
    <test name="Default test" duration-ms="23940" started-at="2022-11-27T16:54:35 IST" finished-at="2022-11-27T16:54:59 IST">
      <class name="chromeoption_programs.CheckChromeversion">
        <test-method status="PASS" signature="amazon()[pri:0, instance:chromeoption_programs.CheckChromeversion@5bb21b69]" name="amazon" duration-ms="23908" started-at="2022-11-27T16:54:35 IST" finished-at="2022-11-27T16:54:59 IST">
          <reporter-output>
          </reporter-output>
        </test-method> <!-- amazon -->
      </class> <!-- chromeoption_programs.CheckChromeversion -->
    </test> <!-- Default test -->
  </suite> <!-- Default suite -->
</testng-results>
